This file contains any messages produced by compilers while
running configure, to aid debugging if configure makes a mistake.

It was created by dosbox configure 0.74-3, which was
generated by GNU Autoconf 2.71.  Invocation command line was

  $ ./configure

## --------- ##
## Platform. ##
## --------- ##

hostname = LAPTOP-ULT5EM0L
uname -m = x86_64
uname -r = 3.4.2-1.x86_64
uname -s = CYGWIN_NT-10.0-22621
uname -v = 2022-12-11 12:04 UTC

/usr/bin/uname -p = unknown
/bin/uname -X     = unknown

/bin/arch              = x86_64
/usr/bin/arch -k       = unknown
/usr/convex/getsysinfo = unknown
/usr/bin/hostinfo      = unknown
/bin/machine           = unknown
/usr/bin/oslevel       = unknown
/bin/universe          = unknown

PATH: /usr/local/bin/
PATH: /usr/bin/
PATH: /cygdrive/c/Program Files/Common Files/Oracle/Java/javapath/
PATH: /cygdrive/c/Windows/system32/
PATH: /cygdrive/c/Windows/
PATH: /cygdrive/c/Windows/System32/Wbem/
PATH: /cygdrive/c/Windows/System32/WindowsPowerShell/v1.0/
PATH: /cygdrive/c/Windows/System32/OpenSSH/
PATH: /cygdrive/c/Program Files (x86)/NVIDIA Corporation/PhysX/Common/
PATH: /cygdrive/c/Program Files/NVIDIA Corporation/NVIDIA NvDLISR/
PATH: /cygdrive/c/Program Files/Git/cmd/
PATH: /cygdrive/c/Program Files/nodejs/
PATH: /cygdrive/c/Program Files/dotnet/
PATH: /cygdrive/c/Program Files/CMake/bin/
PATH: /cygdrive/c/Program Files (x86)/Tencent/微信web开发者工具/dll/
PATH: /cygdrive/c/Program Files/GitHub CLI/
PATH: /cygdrive/c/Program Files/Microsoft SQL Server/130/Tools/Binn/
PATH: /cygdrive/c/Program Files/Microsoft SQL Server/Client SDK/ODBC/170/Tools/Binn/
PATH: /cygdrive/c/WINDOWS/system32/
PATH: /cygdrive/c/WINDOWS/
PATH: /cygdrive/c/WINDOWS/System32/Wbem/
PATH: /cygdrive/c/WINDOWS/System32/WindowsPowerShell/v1.0/
PATH: /cygdrive/c/WINDOWS/System32/OpenSSH/
PATH: /cygdrive/c/Program Files (x86)/gnupg/bin/
PATH: /cygdrive/c/Program Files/PowerShell/7/
PATH: /cygdrive/c/Users/huhua/source/cocos2d-x/templates/
PATH: /cygdrive/c/Users/huhua/source/cocos2d-x/tools/cocos2d-console/bin/
PATH: /cygdrive/c/Users/huhua/.cargo/bin/
PATH: /cygdrive/c/Users/huhua/AppData/Local/Programs/Python/Python310/Scripts/
PATH: /cygdrive/c/Users/huhua/AppData/Local/Programs/Python/Python310/
PATH: /cygdrive/c/Users/huhua/AppData/Local/Programs/Microsoft VS Code/bin/
PATH: /cygdrive/c/Users/huhua/AppData/Roaming/npm/
PATH: /cygdrive/c/Users/huhua/source/flutter/bin/
PATH: /cygdrive/c/Users/huhua/.dotnet/tools/
PATH: /cygdrive/c/Users/huhua/AppData/Local/Microsoft/WindowsApps/
PATH: /cygdrive/c/Users/huhua/AppData/Local/apktool/
PATH: /cygdrive/c/Users/huhua/AppData/Local/Android/Sdk/platform-tools/
PATH: /cygdrive/c/Users/huhua/source/vcpkg/
PATH: test/
PATH: /cygdrive/c/Users/huhua/AppData/Local/Microsoft/WindowsApps/
PATH: /cygdrive/c/Users/huhua/source/nasm/
PATH: /cygdrive/c/Program Files/Mono/bin/


## ----------- ##
## Core tests. ##
## ----------- ##

configure:2930: looking for aux files: compile missing install-sh config.guess config.sub
configure:2943:  trying ./
configure:2972:   ./compile found
configure:2972:   ./missing found
configure:2954:   ./install-sh found
configure:2972:   ./config.guess found
configure:2972:   ./config.sub found
configure:3093: checking build system type
configure:3108: result: x86_64-unknown-cygwin
configure:3128: checking host system type
configure:3142: result: x86_64-unknown-cygwin
configure:3181: checking for a BSD-compatible install
configure:3254: result: /usr/bin/install -c
configure:3265: checking whether build environment is sane
configure:3320: result: yes
configure:3484: checking for a race-free mkdir -p
configure:3528: result: /usr/bin/mkdir -p
configure:3535: checking for gawk
configure:3556: found /usr/bin/gawk
configure:3567: result: gawk
configure:3578: checking whether make sets $(MAKE)
configure:3601: result: yes
configure:3631: checking whether make supports nested variables
configure:3649: result: yes
configure:3774: checking whether make sets $(MAKE)
configure:3797: result: yes
configure:3868: checking for gcc
configure:3889: found /usr/bin/gcc
configure:3900: result: gcc
configure:4253: checking for C compiler version
configure:4262: gcc --version >&5
gcc (GCC) 11.2.0
Copyright (C) 2021 Free Software Foundation, Inc.
This is free software; see the source for copying conditions.  There is NO
warranty; not even for MERCHANTABILITY or FITNESS FOR A PARTICULAR PURPOSE.

configure:4273: $? = 0
configure:4262: gcc -v >&5
Using built-in specs.
COLLECT_GCC=gcc
COLLECT_LTO_WRAPPER=/usr/lib/gcc/x86_64-pc-cygwin/11/lto-wrapper.exe
Target: x86_64-pc-cygwin
Configured with: /mnt/share/cygpkgs/gcc/gcc.x86_64/src/gcc-11.2.0/configure --srcdir=/mnt/share/cygpkgs/gcc/gcc.x86_64/src/gcc-11.2.0 --prefix=/usr --exec-prefix=/usr --localstatedir=/var --sysconfdir=/etc --docdir=/usr/share/doc/gcc --htmldir=/usr/share/doc/gcc/html -C --build=x86_64-pc-cygwin --host=x86_64-pc-cygwin --target=x86_64-pc-cygwin --without-libiconv-prefix --without-libintl-prefix --libexecdir=/usr/lib --with-gcc-major-version-only --enable-shared --enable-shared-libgcc --enable-static --enable-version-specific-runtime-libs --enable-bootstrap --enable-__cxa_atexit --with-dwarf2 --with-tune=generic --disable-bootstrap --enable-languages=c,c++,fortran,lto,objc,obj-c++,jit --enable-graphite --enable-threads=posix --enable-libatomic --enable-libgomp --enable-libquadmath --enable-libquadmath-support --disable-libssp --enable-libada --disable-symvers --with-gnu-ld --with-gnu-as --with-cloog-include=/usr/include/cloog-isl --without-libiconv-prefix --without-libintl-prefix --with-system-zlib --enable-linker-build-id --with-default-libstdcxx-abi=gcc4-compatible --enable-libstdcxx-filesystem-ts
Thread model: posix
Supported LTO compression algorithms: zlib zstd
gcc version 11.2.0 (GCC) 
configure:4273: $? = 0
configure:4262: gcc -V >&5
gcc: error: unrecognized command-line option '-V'
gcc: fatal error: no input files
compilation terminated.
configure:4273: $? = 1
configure:4262: gcc -qversion >&5
gcc: error: unrecognized command-line option '-qversion'; did you mean '--version'?
gcc: fatal error: no input files
compilation terminated.
configure:4273: $? = 1
configure:4262: gcc -version >&5
gcc: error: unrecognized command-line option '-version'
gcc: fatal error: no input files
compilation terminated.
configure:4273: $? = 1
configure:4293: checking whether the C compiler works
configure:4315: gcc    conftest.c  >&5
configure:4319: $? = 0
configure:4369: result: yes
configure:4372: checking for C compiler default output file name
configure:4374: result: a.exe
configure:4380: checking for suffix of executables
configure:4387: gcc -o conftest.exe    conftest.c  >&5
configure:4391: $? = 0
configure:4414: result: .exe
configure:4436: checking whether we are cross compiling
configure:4444: gcc -o conftest.exe    conftest.c  >&5
configure:4448: $? = 0
configure:4455: ./conftest.exe
configure:4459: $? = 0
configure:4474: result: no
configure:4479: checking for suffix of object files
configure:4502: gcc -c   conftest.c >&5
configure:4506: $? = 0
configure:4528: result: o
configure:4532: checking whether the compiler supports GNU C
configure:4552: gcc -c   conftest.c >&5
configure:4552: $? = 0
configure:4562: result: yes
configure:4573: checking whether gcc accepts -g
configure:4594: gcc -c -g  conftest.c >&5
configure:4594: $? = 0
configure:4638: result: yes
configure:4658: checking for gcc option to enable C11 features
configure:4673: gcc  -c -g -O2  conftest.c >&5
configure:4673: $? = 0
configure:4691: result: none needed
configure:4807: checking whether gcc understands -c and -o together
configure:4830: gcc -c conftest.c -o conftest2.o
configure:4833: $? = 0
configure:4830: gcc -c conftest.c -o conftest2.o
configure:4833: $? = 0
configure:4845: result: yes
configure:4873: checking for style of include used by make
configure:4901: result: GNU
configure:4928: checking dependency style of gcc
configure:5040: result: gcc3
configure:5060: checking how to run the C preprocessor
configure:5086: gcc -E  conftest.c
configure:5086: $? = 0
configure:5101: gcc -E  conftest.c
conftest.c:11:10: fatal error: ac_nonexistent.h: No such file or directory
   11 | #include <ac_nonexistent.h>
      |          ^~~~~~~~~~~~~~~~~~
compilation terminated.
configure:5101: $? = 1
configure: failed program was:
| /* confdefs.h */
| #define PACKAGE_NAME "dosbox"
| #define PACKAGE_TARNAME "dosbox"
| #define PACKAGE_VERSION "0.74-3"
| #define PACKAGE_STRING "dosbox 0.74-3"
| #define PACKAGE_BUGREPORT ""
| #define PACKAGE_URL ""
| #define PACKAGE "dosbox"
| #define VERSION "0.74-3"
| /* end confdefs.h.  */
| #include <ac_nonexistent.h>
configure:5128: result: gcc -E
configure:5142: gcc -E  conftest.c
configure:5142: $? = 0
configure:5157: gcc -E  conftest.c
conftest.c:11:10: fatal error: ac_nonexistent.h: No such file or directory
   11 | #include <ac_nonexistent.h>
      |          ^~~~~~~~~~~~~~~~~~
compilation terminated.
configure:5157: $? = 1
configure: failed program was:
| /* confdefs.h */
| #define PACKAGE_NAME "dosbox"
| #define PACKAGE_TARNAME "dosbox"
| #define PACKAGE_VERSION "0.74-3"
| #define PACKAGE_STRING "dosbox 0.74-3"
| #define PACKAGE_BUGREPORT ""
| #define PACKAGE_URL ""
| #define PACKAGE "dosbox"
| #define VERSION "0.74-3"
| /* end confdefs.h.  */
| #include <ac_nonexistent.h>
configure:5256: checking for g++
configure:5277: found /usr/bin/g++
configure:5288: result: g++
configure:5315: checking for C++ compiler version
configure:5324: g++ --version >&5
g++ (GCC) 11.2.0
Copyright (C) 2021 Free Software Foundation, Inc.
This is free software; see the source for copying conditions.  There is NO
warranty; not even for MERCHANTABILITY or FITNESS FOR A PARTICULAR PURPOSE.

configure:5335: $? = 0
configure:5324: g++ -v >&5
Using built-in specs.
COLLECT_GCC=g++
COLLECT_LTO_WRAPPER=/usr/lib/gcc/x86_64-pc-cygwin/11/lto-wrapper.exe
Target: x86_64-pc-cygwin
Configured with: /mnt/share/cygpkgs/gcc/gcc.x86_64/src/gcc-11.2.0/configure --srcdir=/mnt/share/cygpkgs/gcc/gcc.x86_64/src/gcc-11.2.0 --prefix=/usr --exec-prefix=/usr --localstatedir=/var --sysconfdir=/etc --docdir=/usr/share/doc/gcc --htmldir=/usr/share/doc/gcc/html -C --build=x86_64-pc-cygwin --host=x86_64-pc-cygwin --target=x86_64-pc-cygwin --without-libiconv-prefix --without-libintl-prefix --libexecdir=/usr/lib --with-gcc-major-version-only --enable-shared --enable-shared-libgcc --enable-static --enable-version-specific-runtime-libs --enable-bootstrap --enable-__cxa_atexit --with-dwarf2 --with-tune=generic --disable-bootstrap --enable-languages=c,c++,fortran,lto,objc,obj-c++,jit --enable-graphite --enable-threads=posix --enable-libatomic --enable-libgomp --enable-libquadmath --enable-libquadmath-support --disable-libssp --enable-libada --disable-symvers --with-gnu-ld --with-gnu-as --with-cloog-include=/usr/include/cloog-isl --without-libiconv-prefix --without-libintl-prefix --with-system-zlib --enable-linker-build-id --with-default-libstdcxx-abi=gcc4-compatible --enable-libstdcxx-filesystem-ts
Thread model: posix
Supported LTO compression algorithms: zlib zstd
gcc version 11.2.0 (GCC) 
configure:5335: $? = 0
configure:5324: g++ -V >&5
g++: error: unrecognized command-line option '-V'
g++: fatal error: no input files
compilation terminated.
configure:5335: $? = 1
configure:5324: g++ -qversion >&5
g++: error: unrecognized command-line option '-qversion'; did you mean '--version'?
g++: fatal error: no input files
compilation terminated.
configure:5335: $? = 1
configure:5339: checking whether the compiler supports GNU C++
configure:5359: g++ -c   conftest.cpp >&5
configure:5359: $? = 0
configure:5369: result: yes
configure:5380: checking whether g++ accepts -g
configure:5401: g++ -c -g  conftest.cpp >&5
configure:5401: $? = 0
configure:5445: result: yes
configure:5465: checking for g++ option to enable C++11 features
configure:5480: g++  -c -g -O2  conftest.cpp >&5
conftest.cpp: In function 'int main(int, char**)':
conftest.cpp:177:25: warning: empty parentheses were disambiguated as a function declaration [-Wvexing-parse]
  177 |   cxx11test::delegate d2();
      |                         ^~
conftest.cpp:177:25: note: remove parentheses to default-initialize a variable
  177 |   cxx11test::delegate d2();
      |                         ^~
      |                         --
conftest.cpp:177:25: note: or replace parentheses with braces to value-initialize a variable
configure:5480: $? = 0
configure:5498: result: none needed
configure:5564: checking dependency style of g++
configure:5676: result: gcc3
configure:5740: checking for ranlib
configure:5761: found /usr/bin/ranlib
configure:5772: result: ranlib
configure:5844: checking for sdl-config
configure:5880: result: no
configure:5889: checking for SDL - version >= 1.2.0
configure:5994: result: no
configure:6047: error: *** SDL version 1.2.0 not found!

## ---------------- ##
## Cache variables. ##
## ---------------- ##

ac_cv_build=x86_64-unknown-cygwin
ac_cv_c_compiler_gnu=yes
ac_cv_cxx_compiler_gnu=yes
ac_cv_env_CCC_set=
ac_cv_env_CCC_value=
ac_cv_env_CC_set=
ac_cv_env_CC_value=
ac_cv_env_CFLAGS_set=
ac_cv_env_CFLAGS_value=
ac_cv_env_CPPFLAGS_set=
ac_cv_env_CPPFLAGS_value=
ac_cv_env_CPP_set=
ac_cv_env_CPP_value=
ac_cv_env_CXXFLAGS_set=
ac_cv_env_CXXFLAGS_value=
ac_cv_env_CXX_set=
ac_cv_env_CXX_value=
ac_cv_env_LDFLAGS_set=
ac_cv_env_LDFLAGS_value=
ac_cv_env_LIBS_set=
ac_cv_env_LIBS_value=
ac_cv_env_build_alias_set=
ac_cv_env_build_alias_value=
ac_cv_env_host_alias_set=
ac_cv_env_host_alias_value=
ac_cv_env_target_alias_set=
ac_cv_env_target_alias_value=
ac_cv_exeext=.exe
ac_cv_host=x86_64-unknown-cygwin
ac_cv_objext=o
ac_cv_path_SDL_CONFIG=no
ac_cv_path_install='/usr/bin/install -c'
ac_cv_path_mkdir=/usr/bin/mkdir
ac_cv_prog_AWK=gawk
ac_cv_prog_CPP='gcc -E'
ac_cv_prog_ac_ct_CC=gcc
ac_cv_prog_ac_ct_CXX=g++
ac_cv_prog_ac_ct_RANLIB=ranlib
ac_cv_prog_cc_c11=
ac_cv_prog_cc_g=yes
ac_cv_prog_cc_stdc=
ac_cv_prog_cxx_11=no
ac_cv_prog_cxx_cxx11=
ac_cv_prog_cxx_g=yes
ac_cv_prog_cxx_stdcxx=
ac_cv_prog_make_make_set=yes
am_cv_CC_dependencies_compiler_type=gcc3
am_cv_CXX_dependencies_compiler_type=gcc3
am_cv_make_support_nested_variables=yes
am_cv_prog_cc_c_o=yes

## ----------------- ##
## Output variables. ##
## ----------------- ##

ACLOCAL='${SHELL} /home/huhua/source/dosbox-0.74-3/missing aclocal-1.15'
ALSA_CFLAGS=''
ALSA_LIBS=''
AMDEPBACKSLASH='\'
AMDEP_FALSE='#'
AMDEP_TRUE=''
AMTAR='$${TAR-tar}'
AM_BACKSLASH='\'
AM_DEFAULT_V='$(AM_DEFAULT_VERBOSITY)'
AM_DEFAULT_VERBOSITY='1'
AM_V='$(V)'
AUTOCONF='${SHELL} /home/huhua/source/dosbox-0.74-3/missing autoconf'
AUTOHEADER='${SHELL} /home/huhua/source/dosbox-0.74-3/missing autoheader'
AUTOMAKE='${SHELL} /home/huhua/source/dosbox-0.74-3/missing automake-1.15'
AWK='gawk'
CC='gcc'
CCDEPMODE='depmode=gcc3'
CFLAGS='-g -O2'
CPP='gcc -E'
CPPFLAGS=''
CXX='g++'
CXXDEPMODE='depmode=gcc3'
CXXFLAGS='-g -O2'
CYGPATH_W='cygpath -w'
DEFS=''
DEPDIR='.deps'
ECHO_C=''
ECHO_N='-n'
ECHO_T=''
EXEEXT='.exe'
HAVE_WINDRES_FALSE=''
HAVE_WINDRES_TRUE=''
INSTALL_DATA='${INSTALL} -m 644'
INSTALL_PROGRAM='${INSTALL}'
INSTALL_SCRIPT='${INSTALL}'
INSTALL_STRIP_PROGRAM='$(install_sh) -c -s'
LDFLAGS=''
LIBOBJS=''
LIBS=''
LTLIBOBJS=''
MAKEINFO='${SHELL} /home/huhua/source/dosbox-0.74-3/missing makeinfo'
MKDIR_P='/usr/bin/mkdir -p'
OBJEXT='o'
PACKAGE='dosbox'
PACKAGE_BUGREPORT=''
PACKAGE_NAME='dosbox'
PACKAGE_STRING='dosbox 0.74-3'
PACKAGE_TARNAME='dosbox'
PACKAGE_URL=''
PACKAGE_VERSION='0.74-3'
PATH_SEPARATOR=':'
RANLIB='ranlib'
SDL_CFLAGS=''
SDL_CONFIG='no'
SDL_LIBS=''
SET_MAKE=''
SHELL='/bin/sh'
STRIP=''
VERSION='0.74-3'
WINDRES=''
ac_ct_CC='gcc'
ac_ct_CXX='g++'
am__EXEEXT_FALSE=''
am__EXEEXT_TRUE=''
am__fastdepCC_FALSE='#'
am__fastdepCC_TRUE=''
am__fastdepCXX_FALSE='#'
am__fastdepCXX_TRUE=''
am__include='include'
am__isrc=''
am__leading_dot='.'
am__nodep='_no'
am__quote=''
am__tar='$${TAR-tar} chof - "$$tardir"'
am__untar='$${TAR-tar} xf -'
bindir='${exec_prefix}/bin'
build='x86_64-unknown-cygwin'
build_alias=''
build_cpu='x86_64'
build_os='cygwin'
build_vendor='unknown'
datadir='${datarootdir}'
datarootdir='${prefix}/share'
docdir='${datarootdir}/doc/${PACKAGE_TARNAME}'
dvidir='${docdir}'
exec_prefix='NONE'
host='x86_64-unknown-cygwin'
host_alias=''
host_cpu='x86_64'
host_os='cygwin'
host_vendor='unknown'
htmldir='${docdir}'
includedir='${prefix}/include'
infodir='${datarootdir}/info'
install_sh='${SHELL} /home/huhua/source/dosbox-0.74-3/install-sh'
libdir='${exec_prefix}/lib'
libexecdir='${exec_prefix}/libexec'
localedir='${datarootdir}/locale'
localstatedir='${prefix}/var'
mandir='${datarootdir}/man'
mkdir_p='$(MKDIR_P)'
oldincludedir='/usr/include'
pdfdir='${docdir}'
prefix='NONE'
program_transform_name='s,x,x,'
psdir='${docdir}'
runstatedir='${localstatedir}/run'
sbindir='${exec_prefix}/sbin'
sharedstatedir='${prefix}/com'
sysconfdir='${prefix}/etc'
target_alias=''

## ----------- ##
## confdefs.h. ##
## ----------- ##

/* confdefs.h */
#define PACKAGE_NAME "dosbox"
#define PACKAGE_TARNAME "dosbox"
#define PACKAGE_VERSION "0.74-3"
#define PACKAGE_STRING "dosbox 0.74-3"
#define PACKAGE_BUGREPORT ""
#define PACKAGE_URL ""
#define PACKAGE "dosbox"
#define VERSION "0.74-3"

configure: exit 1
